(C   x:= 1,  []) ==> [("x",1)]

(C  x:=1 ; y:=2 ; z:=3, []) ==> [("x",1),("y",2),("z",3)]

(C (x:=1; x:= x+1), []) ==> [("x",2)]

(C (x:=1, x:= x+1), [])
*** Syntax error

(C (x:=1; x = x+1), [])
*** Syntax error

(C x:= y+1, [])
*** Error: unitialized variable

(C (x:= y+1; y:=1), [])
*** Error: unitialized variable

(C  x:= 1; y:= x+1; z:= 3* (x+y), []) ==> [("x",1),("y",2),("z",9)]

(C  x:= (y + z)* n, [(y,1), (z,10), (n, 2)]) ==> [("y",1),("z",10),("n",2),("x",22)]

(C  x:= (y + z)* n, [(y,-1), (z,-10), (n, -2)]) ==> [("y",-1),("z",-10),("n",-2),("x",22)]

(C  x:= 1; y:= 2; z:= (x+y), []) ==> [("x",1),("y",2),("z",3)]

(C cubevolume :=  side * side*side  ,  [(side , 2)]) ==> [("side",2),("cubevolume",8)]

(C cubearea :=  6* side * side,  [(side, 2)]) ==> [("side",2),("cubearea",24)]

(C cuboidarea := 2 *a *b + 2 * a*c + 2 *b *c, [(a, 2), (b,1), (c, 3)]) ==> [("a",2),("b",1),("c",3),("cuboidarea",22)]

(C cuboidvolume :=  a*b*c, [(a, 2), (b,1), (c, 3)]) ==> [("a",2),("b",1),("c",3),("cuboidvolume",6)]

(C   age := thisYear - birthYear, [(thisYear, 2025), (birthYear, 2000)]) ==> [("thisYear",2025),("birthYear",2000),("age",25)]


